<?xml version="1.0" encoding="UTF-8"?>
<testsuite xmlns:xsi="http://www.w3.org/2001/XMLSchema-instance" xsi:noNamespaceSchemaLocation="https://maven.apache.org/surefire/maven-surefire-plugin/xsd/surefire-test-report-3.0.xsd" version="3.0" name="edu.yu.cs.com1320.project.stage5.impl.UndoTests" time="0.075" tests="11" errors="0" skipped="0" failures="1">
  <properties>
[...]
</properties>
  <testcase name="undoUriThreePuts" classname="edu.yu.cs.com1320.project.stage5.impl.UndoTests" time="0.023"/>
  <testcase name="undoDeleteAllWithPrefix" classname="edu.yu.cs.com1320.project.stage5.impl.UndoTests" time="0.009">
    <failure type="org.opentest4j.AssertionFailedError"><![CDATA[org.opentest4j.AssertionFailedError: expected: <[edu.yu.cs.com1320.project.stage5.impl.DocumentImpl@3cc165fa]> but was: <[]>
	at edu.yu.cs.com1320.project.stage5.impl.UndoTests.undoDeleteAllWithPrefix(UndoTests.java:275)
]]></failure>
  </testcase>
  <testcase name="undoDeleteAll" classname="edu.yu.cs.com1320.project.stage5.impl.UndoTests" time="0.003"/>
  <testcase name="undoEmpty" classname="edu.yu.cs.com1320.project.stage5.impl.UndoTests" time="0.002"/>
  <testcase name="undoPutOverride" classname="edu.yu.cs.com1320.project.stage5.impl.UndoTests" time="0.002"/>
  <testcase name="undoOneDelete" classname="edu.yu.cs.com1320.project.stage5.impl.UndoTests" time="0.002"/>
  <testcase name="undoTwoPuts" classname="edu.yu.cs.com1320.project.stage5.impl.UndoTests" time="0.002"/>
  <testcase name="undoEmpty2" classname="edu.yu.cs.com1320.project.stage5.impl.UndoTests" time="0.001"/>
  <testcase name="undoUriTwoDeletes" classname="edu.yu.cs.com1320.project.stage5.impl.UndoTests" time="0.005"/>
  <testcase name="undoOnePut" classname="edu.yu.cs.com1320.project.stage5.impl.UndoTests" time="0.001"/>
  <testcase name="undoUriPutOverride" classname="edu.yu.cs.com1320.project.stage5.impl.UndoTests" time="0.002"/>
</testsuite>